\BOOKMARK [1][-]{section.1}{Vectoren}{}% 1
\BOOKMARK [2][-]{subsection.1.1}{Notatie}{section.1}% 2
\BOOKMARK [2][-]{subsection.1.2}{Norm van een vector}{section.1}% 3
\BOOKMARK [2][-]{subsection.1.3}{Het inwendig product}{section.1}% 4
\BOOKMARK [2][-]{subsection.1.4}{Eenheidsvector}{section.1}% 5
\BOOKMARK [1][-]{section.2}{Tijdstippen van botsingen}{}% 6
\BOOKMARK [2][-]{subsection.2.1}{Cirkel tegen cirkel}{section.2}% 7
\BOOKMARK [3][-]{subsubsection.2.1.1}{Formule}{subsection.2.1}% 8
\BOOKMARK [3][-]{subsubsection.2.1.2}{Simulatie}{subsection.2.1}% 9
\BOOKMARK [2][-]{subsection.2.2}{Cirkel tegen lijnstuk}{section.2}% 10
\BOOKMARK [3][-]{subsubsection.2.2.1}{Tijdstippen van botsingen}{subsection.2.2}% 11
\BOOKMARK [3][-]{subsubsection.2.2.2}{Punt op lijnstuk dichtste bij cirkel}{subsection.2.2}% 12
\BOOKMARK [1][-]{section.3}{Gevolgen van botsingen}{}% 13
\BOOKMARK [2][-]{subsection.3.1}{Theorie van botsingen}{section.3}% 14
\BOOKMARK [3][-]{subsubsection.3.1.1}{Elastische botsing}{subsection.3.1}% 15
\BOOKMARK [3][-]{subsubsection.3.1.2}{Onelastische botsing}{subsection.3.1}% 16
\BOOKMARK [3][-]{subsubsection.3.1.3}{De wet van behoud van impuls}{subsection.3.1}% 17
\BOOKMARK [2][-]{subsection.3.2}{Berekening van de snelheden na de botsing}{section.3}% 18
\BOOKMARK [3][-]{subsubsection.3.2.1}{Met behulp van de wet van behoud van energie en impuls}{subsection.3.2}% 19
\BOOKMARK [3][-]{subsubsection.3.2.2}{Met behulp van de gemeenschappelijke snelheid}{subsection.3.2}% 20
\BOOKMARK [2][-]{subsection.3.3}{Experiment van botsende ballen}{section.3}% 21
\BOOKMARK [3][-]{subsubsection.3.3.1}{Botsing tussen twee ballen}{subsection.3.3}% 22
\BOOKMARK [3][-]{subsubsection.3.3.2}{Botsing tussen meer dan twee ballen}{subsection.3.3}% 23
\BOOKMARK [1][-]{section.4}{Programmeren}{}% 24
\BOOKMARK [2][-]{subsection.4.1}{Andere eenheden}{section.4}% 25
\BOOKMARK [2][-]{subsection.4.2}{Hoe de posities berekend worden}{section.4}% 26
